<?xml version="1.0" encoding="UTF-8"?>
<!-- Generated by org.testng.reporters.JUnitReportReporter -->
<testsuite hostname="HBPTester" failures="0" tests="2" name="GTask.myyapp.MRIPageclicks" time="60.561" errors="0" timestamp="2024-11-20T12:10:21 IST" skipped="0">
  <testcase classname="GTask.myyapp.MRIPageclicks" name="testSanity" time="0.557"/>
  <system-out/>
  <testcase classname="GTask.myyapp.MRIPageclicks" name="Videovalidate" time="60.004"/>
  <system-out/>
</testsuite> <!-- GTask.myyapp.MRIPageclicks -->
